  [1m[36m (0.7ms)[0m  [1mCREATE TABLE "schema_migrations" ("version" varchar NOT NULL) [0m
  [1m[35m (0.3ms)[0m  select sqlite_version(*)
  [1m[36m (0.6ms)[0m  [1mCREATE UNIQUE INDEX "unique_schema_migrations" ON "schema_migrations" ("version")[0m
  [1m[35mActiveRecord::SchemaMigration Load (0.1ms)[0m  SELECT "schema_migrations".* FROM "schema_migrations"
Migrating to CreateSandwiches (20160208151610)
  [1m[36m (0.1ms)[0m  [1mbegin transaction[0m
  [1m[35m (0.3ms)[0m  CREATE TABLE "sandwiches" ("id" INTEGER PRIMARY KEY AUTOINCREMENT NOT NULL, "name" varchar, "bread_type" varchar, "created_at" datetime NOT NULL, "updated_at" datetime NOT NULL) 
  [1m[36mSQL (0.2ms)[0m  [1mINSERT INTO "schema_migrations" ("version") VALUES (?)[0m  [["version", "20160208151610"]]
  [1m[35m (0.5ms)[0m  commit transaction
Migrating to CreateIngredients (20160208160157)
  [1m[36m (0.0ms)[0m  [1mbegin transaction[0m
  [1m[35m (0.3ms)[0m  CREATE TABLE "ingredients" ("id" INTEGER PRIMARY KEY AUTOINCREMENT NOT NULL, "name" varchar, "calories" integer, "created_at" datetime NOT NULL, "updated_at" datetime NOT NULL) 
  [1m[36mSQL (0.1ms)[0m  [1mINSERT INTO "schema_migrations" ("version") VALUES (?)[0m  [["version", "20160208160157"]]
  [1m[35m (0.5ms)[0m  commit transaction
Migrating to CreateSandwichIngredients (20161128135454)
  [1m[36m (0.1ms)[0m  [1mbegin transaction[0m
  [1m[35m (0.3ms)[0m  CREATE TABLE "sandwich_ingredients" ("id" INTEGER PRIMARY KEY AUTOINCREMENT NOT NULL, "sandwich" varchar, "ingredient" varchar, "created_at" datetime NOT NULL, "updated_at" datetime NOT NULL) 
  [1m[36mSQL (0.1ms)[0m  [1mINSERT INTO "schema_migrations" ("version") VALUES (?)[0m  [["version", "20161128135454"]]
  [1m[35m (0.5ms)[0m  commit transaction
  [1m[36mActiveRecord::SchemaMigration Load (0.1ms)[0m  [1mSELECT "schema_migrations".* FROM "schema_migrations"[0m
  [1m[36mSandwich Load (0.4ms)[0m  [1mSELECT  "sandwiches".* FROM "sandwiches"  ORDER BY "sandwiches"."id" ASC LIMIT 1[0m
  [1m[35mSandwich Load (1.1ms)[0m  SELECT  "sandwiches".* FROM "sandwiches"  ORDER BY "sandwiches"."id" ASC LIMIT 1
  [1m[36mIngredient Load (0.3ms)[0m  [1mSELECT  "ingredients".* FROM "ingredients"  ORDER BY "ingredients"."id" ASC LIMIT 1[0m
  [1m[35mIngredient Load (0.3ms)[0m  SELECT  "ingredients".* FROM "ingredients"  ORDER BY "ingredients"."id" ASC LIMIT 1
  [1m[36mSandwich Load (0.2ms)[0m  [1mSELECT  "sandwiches".* FROM "sandwiches"  ORDER BY "sandwiches"."id" ASC LIMIT 1 OFFSET 1[0m
  [1m[35mIngredient Load (0.2ms)[0m  SELECT  "ingredients".* FROM "ingredients"  ORDER BY "ingredients"."id" ASC LIMIT 1
  [1m[36mSandwich Load (1.1ms)[0m  [1mSELECT  "sandwiches".* FROM "sandwiches"  ORDER BY "sandwiches"."id" ASC LIMIT 1 OFFSET 1[0m
  [1m[36mActiveRecord::SchemaMigration Load (0.3ms)[0m  [1mSELECT "schema_migrations".* FROM "schema_migrations"[0m
  [1m[35mActiveRecord::SchemaMigration Load (0.1ms)[0m  SELECT "schema_migrations".* FROM "schema_migrations"
  [1m[36mActiveRecord::SchemaMigration Load (0.1ms)[0m  [1mSELECT "schema_migrations".* FROM "schema_migrations"[0m
  [1m[35mActiveRecord::SchemaMigration Load (0.1ms)[0m  SELECT "schema_migrations".* FROM "schema_migrations"
  [1m[36mActiveRecord::SchemaMigration Load (0.1ms)[0m  [1mSELECT "schema_migrations".* FROM "schema_migrations"[0m
  [1m[36mActiveRecord::SchemaMigration Load (0.1ms)[0m  [1mSELECT "schema_migrations".* FROM "schema_migrations"[0m
  [1m[35mActiveRecord::SchemaMigration Load (0.1ms)[0m  SELECT "schema_migrations".* FROM "schema_migrations"
  [1m[36mActiveRecord::SchemaMigration Load (0.1ms)[0m  [1mSELECT "schema_migrations".* FROM "schema_migrations"[0m
  [1m[36mActiveRecord::SchemaMigration Load (0.1ms)[0m  [1mSELECT "schema_migrations".* FROM "schema_migrations"[0m
  [1m[36mActiveRecord::SchemaMigration Load (0.1ms)[0m  [1mSELECT "schema_migrations".* FROM "schema_migrations"[0m
  [1m[36mSandwich Load (1.3ms)[0m  [1mSELECT  "sandwiches".* FROM "sandwiches"  ORDER BY "sandwiches"."id" ASC LIMIT 1 OFFSET 1[0m
  [1m[35mSandwich Load (0.8ms)[0m  SELECT  "sandwiches".* FROM "sandwiches"  ORDER BY "sandwiches"."id" ASC LIMIT 1
  [1m[36mActiveRecord::SchemaMigration Load (0.1ms)[0m  [1mSELECT "schema_migrations".* FROM "schema_migrations"[0m
  [1m[35mActiveRecord::SchemaMigration Load (0.1ms)[0m  SELECT "schema_migrations".* FROM "schema_migrations"
  [1m[36mActiveRecord::SchemaMigration Load (0.1ms)[0m  [1mSELECT "schema_migrations".* FROM "schema_migrations"[0m
  [1m[36mActiveRecord::SchemaMigration Load (0.1ms)[0m  [1mSELECT "schema_migrations".* FROM "schema_migrations"[0m
  [1m[35mActiveRecord::SchemaMigration Load (0.1ms)[0m  SELECT "schema_migrations".* FROM "schema_migrations"
  [1m[36mActiveRecord::SchemaMigration Load (0.1ms)[0m  [1mSELECT "schema_migrations".* FROM "schema_migrations"[0m
  [1m[35m (0.0ms)[0m  begin transaction
  [1m[36mSQL (0.5ms)[0m  [1mINSERT INTO "sandwiches" ("name", "bread_type", "created_at", "updated_at") VALUES (?, ?, ?, ?)[0m  [["name", "BLT"], ["bread_type", "croissant"], ["created_at", "2016-11-28 15:07:49.028459"], ["updated_at", "2016-11-28 15:07:49.028459"]]
  [1m[35m (0.5ms)[0m  commit transaction
  [1m[36m (0.0ms)[0m  [1mbegin transaction[0m
  [1m[35mSQL (0.2ms)[0m  INSERT INTO "sandwiches" ("name", "bread_type", "created_at", "updated_at") VALUES (?, ?, ?, ?)  [["name", "Ham and cheese"], ["bread_type", "cheese bread"], ["created_at", "2016-11-28 15:07:49.032947"], ["updated_at", "2016-11-28 15:07:49.032947"]]
  [1m[36m (0.5ms)[0m  [1mcommit transaction[0m
  [1m[35m (0.0ms)[0m  begin transaction
  [1m[36mSQL (0.4ms)[0m  [1mINSERT INTO "ingredients" ("name", "calories", "created_at", "updated_at") VALUES (?, ?, ?, ?)[0m  [["name", "ham"], ["calories", 100], ["created_at", "2016-11-28 15:07:49.039192"], ["updated_at", "2016-11-28 15:07:49.039192"]]
  [1m[35m (0.5ms)[0m  commit transaction
  [1m[36m (0.1ms)[0m  [1mbegin transaction[0m
  [1m[35mSQL (0.2ms)[0m  INSERT INTO "ingredients" ("name", "calories", "created_at", "updated_at") VALUES (?, ?, ?, ?)  [["name", "bacon"], ["calories", 120], ["created_at", "2016-11-28 15:07:49.041324"], ["updated_at", "2016-11-28 15:07:49.041324"]]
  [1m[36m (0.6ms)[0m  [1mcommit transaction[0m
  [1m[36mSandwich Load (0.1ms)[0m  [1mSELECT  "sandwiches".* FROM "sandwiches"  ORDER BY "sandwiches"."id" ASC LIMIT 1[0m
  [1m[35mIngredient Load (0.1ms)[0m  SELECT  "ingredients".* FROM "ingredients"  ORDER BY "ingredients"."id" ASC LIMIT 1
  [1m[36m (0.1ms)[0m  [1mbegin transaction[0m
  [1m[35m (0.1ms)[0m  rollback transaction
  [1m[36m (0.1ms)[0m  [1mbegin transaction[0m
  [1m[35m (0.1ms)[0m  rollback transaction
  [1m[36mActiveRecord::SchemaMigration Load (0.1ms)[0m  [1mSELECT "schema_migrations".* FROM "schema_migrations"[0m
  [1m[35mActiveRecord::SchemaMigration Load (0.1ms)[0m  SELECT "schema_migrations".* FROM "schema_migrations"
  [1m[36mActiveRecord::SchemaMigration Load (0.1ms)[0m  [1mSELECT "schema_migrations".* FROM "schema_migrations"[0m
  [1m[35m (0.0ms)[0m  begin transaction
  [1m[36mSQL (0.3ms)[0m  [1mINSERT INTO "sandwiches" ("name", "bread_type", "created_at", "updated_at") VALUES (?, ?, ?, ?)[0m  [["name", "BLT"], ["bread_type", "croissant"], ["created_at", "2016-11-28 15:11:47.368168"], ["updated_at", "2016-11-28 15:11:47.368168"]]
  [1m[35m (1.4ms)[0m  commit transaction
  [1m[36m (0.0ms)[0m  [1mbegin transaction[0m
  [1m[35mSQL (0.2ms)[0m  INSERT INTO "sandwiches" ("name", "bread_type", "created_at", "updated_at") VALUES (?, ?, ?, ?)  [["name", "Ham and cheese"], ["bread_type", "cheese bread"], ["created_at", "2016-11-28 15:11:47.372727"], ["updated_at", "2016-11-28 15:11:47.372727"]]
  [1m[36m (0.5ms)[0m  [1mcommit transaction[0m
  [1m[35m (0.0ms)[0m  begin transaction
  [1m[36mSQL (0.3ms)[0m  [1mINSERT INTO "ingredients" ("name", "calories", "created_at", "updated_at") VALUES (?, ?, ?, ?)[0m  [["name", "ham"], ["calories", 100], ["created_at", "2016-11-28 15:11:47.378631"], ["updated_at", "2016-11-28 15:11:47.378631"]]
  [1m[35m (0.5ms)[0m  commit transaction
  [1m[36m (0.0ms)[0m  [1mbegin transaction[0m
  [1m[35mSQL (0.2ms)[0m  INSERT INTO "ingredients" ("name", "calories", "created_at", "updated_at") VALUES (?, ?, ?, ?)  [["name", "bacon"], ["calories", 120], ["created_at", "2016-11-28 15:11:47.380550"], ["updated_at", "2016-11-28 15:11:47.380550"]]
  [1m[36m (0.6ms)[0m  [1mcommit transaction[0m
  [1m[36mSandwich Load (0.1ms)[0m  [1mSELECT  "sandwiches".* FROM "sandwiches"  ORDER BY "sandwiches"."id" ASC LIMIT 1[0m
  [1m[35mIngredient Load (0.1ms)[0m  SELECT  "ingredients".* FROM "ingredients"  ORDER BY "ingredients"."id" ASC LIMIT 1
  [1m[36m (0.0ms)[0m  [1mbegin transaction[0m
  [1m[35m (0.1ms)[0m  rollback transaction
  [1m[36mActiveRecord::SchemaMigration Load (0.1ms)[0m  [1mSELECT "schema_migrations".* FROM "schema_migrations"[0m
  [1m[35mActiveRecord::SchemaMigration Load (0.1ms)[0m  SELECT "schema_migrations".* FROM "schema_migrations"
  [1m[36mActiveRecord::SchemaMigration Load (0.1ms)[0m  [1mSELECT "schema_migrations".* FROM "schema_migrations"[0m
  [1m[35m (0.0ms)[0m  begin transaction
  [1m[36mSQL (0.3ms)[0m  [1mINSERT INTO "sandwiches" ("name", "bread_type", "created_at", "updated_at") VALUES (?, ?, ?, ?)[0m  [["name", "BLT"], ["bread_type", "croissant"], ["created_at", "2016-11-28 15:15:02.867809"], ["updated_at", "2016-11-28 15:15:02.867809"]]
  [1m[35m (1.4ms)[0m  commit transaction
  [1m[36m (0.0ms)[0m  [1mbegin transaction[0m
  [1m[35mSQL (0.2ms)[0m  INSERT INTO "sandwiches" ("name", "bread_type", "created_at", "updated_at") VALUES (?, ?, ?, ?)  [["name", "Ham and cheese"], ["bread_type", "cheese bread"], ["created_at", "2016-11-28 15:15:02.872301"], ["updated_at", "2016-11-28 15:15:02.872301"]]
  [1m[36m (0.5ms)[0m  [1mcommit transaction[0m
  [1m[35m (0.0ms)[0m  begin transaction
  [1m[36mSQL (0.2ms)[0m  [1mINSERT INTO "ingredients" ("name", "calories", "created_at", "updated_at") VALUES (?, ?, ?, ?)[0m  [["name", "ham"], ["calories", 100], ["created_at", "2016-11-28 15:15:02.878380"], ["updated_at", "2016-11-28 15:15:02.878380"]]
  [1m[35m (0.5ms)[0m  commit transaction
  [1m[36m (0.0ms)[0m  [1mbegin transaction[0m
  [1m[35mSQL (0.2ms)[0m  INSERT INTO "ingredients" ("name", "calories", "created_at", "updated_at") VALUES (?, ?, ?, ?)  [["name", "bacon"], ["calories", 120], ["created_at", "2016-11-28 15:15:02.880332"], ["updated_at", "2016-11-28 15:15:02.880332"]]
  [1m[36m (0.5ms)[0m  [1mcommit transaction[0m
  [1m[36mSandwich Load (0.1ms)[0m  [1mSELECT  "sandwiches".* FROM "sandwiches"  ORDER BY "sandwiches"."id" ASC LIMIT 1[0m
  [1m[35mIngredient Load (0.1ms)[0m  SELECT  "ingredients".* FROM "ingredients"  ORDER BY "ingredients"."id" ASC LIMIT 1
  [1m[36m (0.0ms)[0m  [1mbegin transaction[0m
  [1m[35m (0.1ms)[0m  rollback transaction
  [1m[36m (2.2ms)[0m  [1mCREATE TABLE "schema_migrations" ("version" varchar NOT NULL) [0m
  [1m[35m (0.1ms)[0m  select sqlite_version(*)
  [1m[36m (0.6ms)[0m  [1mCREATE UNIQUE INDEX "unique_schema_migrations" ON "schema_migrations" ("version")[0m
  [1m[35mActiveRecord::SchemaMigration Load (0.1ms)[0m  SELECT "schema_migrations".* FROM "schema_migrations"
Migrating to CreateSandwiches (20160208151610)
  [1m[36m (0.0ms)[0m  [1mbegin transaction[0m
  [1m[35m (0.3ms)[0m  CREATE TABLE "sandwiches" ("id" INTEGER PRIMARY KEY AUTOINCREMENT NOT NULL, "name" varchar, "bread_type" varchar, "created_at" datetime NOT NULL, "updated_at" datetime NOT NULL) 
  [1m[36mSQL (0.2ms)[0m  [1mINSERT INTO "schema_migrations" ("version") VALUES (?)[0m  [["version", "20160208151610"]]
  [1m[35m (0.5ms)[0m  commit transaction
Migrating to CreateIngredients (20160208160157)
  [1m[36m (0.0ms)[0m  [1mbegin transaction[0m
  [1m[35m (0.3ms)[0m  CREATE TABLE "ingredients" ("id" INTEGER PRIMARY KEY AUTOINCREMENT NOT NULL, "name" varchar, "calories" integer, "created_at" datetime NOT NULL, "updated_at" datetime NOT NULL) 
  [1m[36mSQL (0.1ms)[0m  [1mINSERT INTO "schema_migrations" ("version") VALUES (?)[0m  [["version", "20160208160157"]]
  [1m[35m (0.6ms)[0m  commit transaction
Migrating to CreateSandwichIngredients (20161128135454)
  [1m[36m (0.0ms)[0m  [1mbegin transaction[0m
  [1m[35m (0.3ms)[0m  CREATE TABLE "sandwich_ingredients" ("id" INTEGER PRIMARY KEY AUTOINCREMENT NOT NULL, "sandwich_id" integer, "ingredient_id" integer, "created_at" datetime NOT NULL, "updated_at" datetime NOT NULL) 
  [1m[36m (0.1ms)[0m  [1mCREATE  INDEX "index_sandwich_ingredients_on_sandwich_id" ON "sandwich_ingredients" ("sandwich_id")[0m
  [1m[35m (0.1ms)[0m              SELECT sql
            FROM sqlite_master
            WHERE name='index_sandwich_ingredients_on_sandwich_id' AND type='index'
            UNION ALL
            SELECT sql
            FROM sqlite_temp_master
            WHERE name='index_sandwich_ingredients_on_sandwich_id' AND type='index'

  [1m[36m (0.1ms)[0m  [1mCREATE  INDEX "index_sandwich_ingredients_on_ingredient_id" ON "sandwich_ingredients" ("ingredient_id")[0m
  [1m[35mSQL (0.1ms)[0m  INSERT INTO "schema_migrations" ("version") VALUES (?)  [["version", "20161128135454"]]
  [1m[36m (0.6ms)[0m  [1mcommit transaction[0m
  [1m[35mActiveRecord::SchemaMigration Load (0.1ms)[0m  SELECT "schema_migrations".* FROM "schema_migrations"
  [1m[36m (0.1ms)[0m  [1m            SELECT sql
            FROM sqlite_master
            WHERE name='index_sandwich_ingredients_on_ingredient_id' AND type='index'
            UNION ALL
            SELECT sql
            FROM sqlite_temp_master
            WHERE name='index_sandwich_ingredients_on_ingredient_id' AND type='index'
[0m
  [1m[35m (0.1ms)[0m              SELECT sql
            FROM sqlite_master
            WHERE name='index_sandwich_ingredients_on_sandwich_id' AND type='index'
            UNION ALL
            SELECT sql
            FROM sqlite_temp_master
            WHERE name='index_sandwich_ingredients_on_sandwich_id' AND type='index'

  [1m[36mActiveRecord::SchemaMigration Load (0.1ms)[0m  [1mSELECT "schema_migrations".* FROM "schema_migrations"[0m
  [1m[35m (0.0ms)[0m  begin transaction
  [1m[36mSQL (0.3ms)[0m  [1mINSERT INTO "sandwiches" ("name", "bread_type", "created_at", "updated_at") VALUES (?, ?, ?, ?)[0m  [["name", "BLT"], ["bread_type", "croissant"], ["created_at", "2016-11-28 15:17:19.151251"], ["updated_at", "2016-11-28 15:17:19.151251"]]
  [1m[35m (1.4ms)[0m  commit transaction
  [1m[36m (0.0ms)[0m  [1mbegin transaction[0m
  [1m[35mSQL (0.2ms)[0m  INSERT INTO "sandwiches" ("name", "bread_type", "created_at", "updated_at") VALUES (?, ?, ?, ?)  [["name", "Ham and cheese"], ["bread_type", "cheese bread"], ["created_at", "2016-11-28 15:17:19.155761"], ["updated_at", "2016-11-28 15:17:19.155761"]]
  [1m[36m (0.5ms)[0m  [1mcommit transaction[0m
  [1m[35m (0.0ms)[0m  begin transaction
  [1m[36mSQL (0.3ms)[0m  [1mINSERT INTO "ingredients" ("name", "calories", "created_at", "updated_at") VALUES (?, ?, ?, ?)[0m  [["name", "ham"], ["calories", 100], ["created_at", "2016-11-28 15:17:19.161889"], ["updated_at", "2016-11-28 15:17:19.161889"]]
  [1m[35m (0.7ms)[0m  commit transaction
  [1m[36m (0.1ms)[0m  [1mbegin transaction[0m
  [1m[35mSQL (0.2ms)[0m  INSERT INTO "ingredients" ("name", "calories", "created_at", "updated_at") VALUES (?, ?, ?, ?)  [["name", "bacon"], ["calories", 120], ["created_at", "2016-11-28 15:17:19.164462"], ["updated_at", "2016-11-28 15:17:19.164462"]]
  [1m[36m (0.5ms)[0m  [1mcommit transaction[0m
  [1m[36mSandwich Load (0.1ms)[0m  [1mSELECT  "sandwiches".* FROM "sandwiches"  ORDER BY "sandwiches"."id" ASC LIMIT 1[0m
  [1m[35mIngredient Load (0.1ms)[0m  SELECT  "ingredients".* FROM "ingredients"  ORDER BY "ingredients"."id" ASC LIMIT 1
  [1m[36m (0.1ms)[0m  [1mbegin transaction[0m
  [1m[35mSQL (0.4ms)[0m  INSERT INTO "sandwich_ingredients" ("sandwich_id", "ingredient_id", "created_at", "updated_at") VALUES (?, ?, ?, ?)  [["sandwich_id", 1], ["ingredient_id", 1], ["created_at", "2016-11-28 15:17:46.929550"], ["updated_at", "2016-11-28 15:17:46.929550"]]
  [1m[36m (2.6ms)[0m  [1mcommit transaction[0m
  [1m[35mIngredient Load (0.3ms)[0m  SELECT "ingredients".* FROM "ingredients" INNER JOIN "sandwich_ingredients" ON "ingredients"."id" = "sandwich_ingredients"."ingredient_id" WHERE "sandwich_ingredients"."sandwich_id" = ?  [["sandwich_id", 1]]
  [1m[36mIngredient Load (0.2ms)[0m  [1mSELECT "ingredients".* FROM "ingredients" INNER JOIN "sandwich_ingredients" ON "ingredients"."id" = "sandwich_ingredients"."ingredient_id" WHERE "sandwich_ingredients"."sandwich_id" = ?[0m  [["sandwich_id", 1]]
